<?xml version="1.0" encoding="utf-8"?>
<coverage line-rate="0.5">
  <packages>
    <package name="filtered">
      <classes>
        <class filename="src/include/wanted.ts">
          <lines>
            <line number="1" hits="1" branch="false"/>
            <line number="2" hits="0" branch="false"/>
          </lines>
        </class>
        <class filename="src/exclude/ignored.ts">
          <lines>
            <line number="1" hits="0" branch="false"/>
            <line number="2" hits="0" branch="false"/>
          </lines>
        </class>
      </classes>
    </package>
  </packages>
</coverage>
