<?xml version="1.0" encoding="utf-8"?>
<coverage line-rate="1.0" branch-rate="1.0" lines-covered="3" lines-valid="3" branches-covered="4" branches-valid="4">
  <packages>
    <package name="branch.full" line-rate="1.0" branch-rate="1.0" complexity="2">
      <classes>
        <class name="FullBranchClass" filename="src/branch-full.ts" line-rate="1.0" branch-rate="1.0" complexity="2">
          <lines>
            <line number="1" hits="5" branch="False" />
            <line number="2" hits="3" branch="True" condition-coverage="100% (2/2)" />
            <line number="3" hits="2" branch="True" condition-coverage="100% (4/4)" />
          </lines>
        </class>
      </classes>
    </package>
  </packages>
</coverage>
