<?xml version="1.0" encoding="utf-8"?>
<coverage line-rate="0.67" branch-rate="0" lines-covered="2" lines-valid="3" branches-covered="0" branches-valid="0">
  <packages>
    <package name="branch.none" line-rate="0.67" branch-rate="0" complexity="0">
      <classes>
        <class name="NoBranchClass" filename="src/branch-none.ts" line-rate="0.67" branch-rate="0" complexity="0">
          <lines>
            <line number="1" hits="5" branch="False" />
            <line number="2" hits="3" branch="False" />
            <line number="3" hits="0" branch="False" />
          </lines>
        </class>
      </classes>
    </package>
  </packages>
</coverage>
