<?xml version="1.0" encoding="utf-8"?>
<coverage line-rate="1.0" branch-rate="1.0" lines-covered="3" lines-valid="3" branches-covered="2" branches-valid="2">
  <packages>
    <package name="high.hits" line-rate="1.0" branch-rate="1.0" complexity="1">
      <classes>
        <class name="HighHitClass" filename="src/high-hits.ts" line-rate="1.0" branch-rate="1.0" complexity="1">
          <lines>
            <line number="1" hits="999999999" branch="False" />
            <line number="2" hits="1000000" branch="True" condition-coverage="100% (2/2)" />
            <line number="3" hits="2147483647" branch="False" />
          </lines>
        </class>
      </classes>
    </package>
  </packages>
</coverage>
