<?xml version="1.0" encoding="utf-8"?>
<coverage line-rate="0.5" branch-rate="0">
  <packages>
    <package name="missing.attrs" line-rate="0.5" branch-rate="0" complexity="1">
      <classes>
        <!-- Class missing filename attribute -->
        <class name="NoFilename" line-rate="0.5" branch-rate="0" complexity="1">
          <lines>
            <line number="1" hits="1" branch="False" />
          </lines>
        </class>
        <!-- Line missing hits attribute -->
        <class name="NoHits" filename="src/nohits.ts" line-rate="0.5" branch-rate="0" complexity="1">
          <lines>
            <line number="1" branch="False" />
          </lines>
        </class>
        <!-- Line missing number attribute -->
        <class name="NoNumber" filename="src/nonumber.ts" line-rate="0.5" branch-rate="0" complexity="1">
          <lines>
            <line hits="1" branch="False" />
          </lines>
        </class>
      </classes>
    </package>
  </packages>
</coverage>
