<?xml version="1.0" encoding="utf-8"?>
<coverage line-rate="0.8" branch-rate="0" lines-covered="4" lines-valid="5" branches-covered="0" branches-valid="0">
  <packages>
    <package name="merge.test" line-rate="0.8" branch-rate="0" complexity="2">
      <classes>
        <class name="ClassA" filename="src/shared.ts" line-rate="1.0" branch-rate="0" complexity="1">
          <lines>
            <line number="1" hits="5" branch="False" />
            <line number="2" hits="3" branch="False" />
            <line number="3" hits="1" branch="False" />
          </lines>
        </class>
        <class name="ClassB" filename="src/shared.ts" line-rate="0.67" branch-rate="0" complexity="1">
          <lines>
            <line number="10" hits="2" branch="False" />
            <line number="11" hits="0" branch="False" />
          </lines>
        </class>
      </classes>
    </package>
  </packages>
</coverage>
