<?xml version="1.0" encoding="utf-8"?>
<coverage line-rate="1.0" branch-rate="0" lines-covered="1" lines-valid="1" branches-covered="0" branches-valid="0">
  <packages>
    <package name="minimal" line-rate="1.0" branch-rate="0" complexity="1">
      <classes>
        <class name="MinimalClass" filename="src/minimal.ts" line-rate="1.0" branch-rate="0" complexity="1">
          <lines>
            <line number="1" hits="1" branch="False" />
          </lines>
        </class>
      </classes>
    </package>
  </packages>
</coverage>
