<?xml version="1.0" encoding="utf-8"?>
<coverage line-rate="0.67" branch-rate="0" lines-covered="4" lines-valid="6" branches-covered="0" branches-valid="0">
  <packages>
    <package name="multi.classes" line-rate="0.67" branch-rate="0" complexity="3">
      <classes>
        <class name="FirstClass" filename="src/first.ts" line-rate="1.0" branch-rate="0" complexity="1">
          <lines>
            <line number="1" hits="10" branch="False" />
            <line number="2" hits="5" branch="False" />
          </lines>
        </class>
        <class name="SecondClass" filename="src/second.ts" line-rate="0.5" branch-rate="0" complexity="1">
          <lines>
            <line number="1" hits="1" branch="False" />
            <line number="2" hits="0" branch="False" />
          </lines>
        </class>
        <class name="ThirdClass" filename="src/third.ts" line-rate="0.5" branch-rate="0" complexity="1">
          <lines>
            <line number="5" hits="2" branch="False" />
            <line number="10" hits="0" branch="False" />
          </lines>
        </class>
      </classes>
    </package>
  </packages>
</coverage>
