<?xml version="1.0" encoding="utf-8"?>
<coverage line-rate="0.6" branch-rate="0.5" lines-covered="3" lines-valid="5" branches-covered="1" branches-valid="2">
  <packages>
    <package name="lines.test" line-rate="0.6" branch-rate="0.5" complexity="1">
      <classes>
        <class name="LinesClass" filename="src/lines.ts" line-rate="0.6" branch-rate="0.5" complexity="1">
          <lines>
            <line number="1" hits="10" branch="False" />
            <line number="2" hits="5" branch="False" />
            <line number="3" hits="0" branch="False" />
            <line number="4" hits="1" branch="True" condition-coverage="100% (2/2)" />
            <line number="5" hits="0" branch="False" />
          </lines>
        </class>
      </classes>
    </package>
  </packages>
</coverage>

