<?xml version="1.0" encoding="utf-8"?>
<coverage line-rate="0" branch-rate="0" lines-covered="0" lines-valid="5" branches-covered="0" branches-valid="0">
  <packages>
    <package name="zero.hits" line-rate="0" branch-rate="0" complexity="1">
      <classes>
        <class name="ZeroHitsClass" filename="src/zero-hits.ts" line-rate="0" branch-rate="0" complexity="1">
          <lines>
            <line number="1" hits="0" branch="False" />
            <line number="2" hits="0" branch="False" />
            <line number="3" hits="0" branch="True" condition-coverage="0% (0/2)" />
            <line number="4" hits="0" branch="False" />
            <line number="5" hits="0" branch="False" />
          </lines>
        </class>
      </classes>
    </package>
  </packages>
</coverage>

