<?xml version="1.0" encoding="utf-8"?>
<coverage line-rate="0.6">
  <sources><source>.</source></sources>
  <packages>
    <package name="core" line-rate="0.67">
      <classes>
        <class filename="src/core/math.ts" line-rate="0.67">
          <lines>
            <line number="1" hits="5" branch="false"/>
            <line number="2" hits="5" branch="false"/>
            <line number="3" hits="0" branch="false"/>
          </lines>
        </class>
      </classes>
    </package>
    <package name="utils" line-rate="0.33">
      <classes>
        <class filename="src/utils/format.ts" line-rate="0.33">
          <lines>
            <line number="1" hits="1" branch="false"/>
            <line number="2" hits="0" branch="false"/>
            <line number="3" hits="0" branch="false"/>
          </lines>
        </class>
      </classes>
    </package>
  </packages>
</coverage>
